2025-05-26 10:55:41,804 - INFO - Server OpenAPI version is 0.0.41
2025-05-26 10:55:42,869 - INFO - Successfully logged into EcoTaxa.
2025-05-26 10:55:42,871 - INFO - Processing EcoTaxa folder: /home/fanny/EcoTaxa/M181-272-1_CTD-071_00deg00S-036deg00W_20220516-1313_updated
2025-05-26 10:55:42,872 - INFO - Pushing 1 files...
2025-05-26 10:55:42,874 - INFO - Pushing /home/fanny/EcoTaxa/M181-272-1_CTD-071_00deg00S-036deg00W_20220516-1313_updated/deconv_crops.zip to 17108...
2025-05-26 10:55:43,109 - INFO - Uploading /home/fanny/EcoTaxa/M181-272-1_CTD-071_00deg00S-036deg00W_20220516-1313_updated/deconv_crops.zip via HTTP...
2025-05-26 10:56:04,307 - INFO - Remote filename is /tmp/ecotaxa_user.3402/83ea7888ff5ddcb54930aa2fc696c67247db584ca7ff1c5488b05f5d4760dd56/home/fanny/EcoTaxa/M181-272-1_CTD-071_00deg00S-036deg00W_20220516-1313_updated/deconv_crops.zip.
2025-05-26 10:56:04,580 - INFO - Starting project import...
2025-05-26 10:56:30,822 - ERROR - Error during upload: 211 error(s) during run
2025-05-26 10:56:30,822 - INFO - Uploaded deconv_crops.zip to project 17108.
2025-05-26 10:56:30,823 - INFO - Pushing 1 files...
2025-05-26 10:56:30,823 - INFO - Pushing /home/fanny/EcoTaxa/M181-272-1_CTD-071_00deg00S-036deg00W_20220516-1313_updated/crops.zip to 17109...
2025-05-26 10:56:30,947 - INFO - Uploading /home/fanny/EcoTaxa/M181-272-1_CTD-071_00deg00S-036deg00W_20220516-1313_updated/crops.zip via HTTP...
2025-05-26 10:56:46,120 - INFO - Remote filename is /tmp/ecotaxa_user.3402/a44e5bca8fe04edb31719feb582e3bf5befdba3fa52e48324f5fc16bb4fc3d4d/home/fanny/EcoTaxa/M181-272-1_CTD-071_00deg00S-036deg00W_20220516-1313_updated/crops.zip.
2025-05-26 10:56:46,385 - INFO - Starting project import...
2025-05-26 10:57:12,716 - ERROR - Error during upload: 211 error(s) during run
2025-05-26 10:57:12,716 - INFO - Uploaded crops.zip to project 17109.
2025-05-26 10:57:12,717 - INFO - Processing EcoTaxa folder: /home/fanny/EcoTaxa/M181-265-1_CTD-069_00deg00S-035deg00W_20220516-0101_updated
2025-05-26 10:57:12,717 - INFO - Pushing 1 files...
2025-05-26 10:57:12,718 - INFO - Pushing /home/fanny/EcoTaxa/M181-265-1_CTD-069_00deg00S-035deg00W_20220516-0101_updated/deconv_crops.zip to 17108...
2025-05-26 10:57:13,067 - INFO - Uploading /home/fanny/EcoTaxa/M181-265-1_CTD-069_00deg00S-035deg00W_20220516-0101_updated/deconv_crops.zip via HTTP...
2025-05-26 10:57:48,448 - INFO - Remote filename is /tmp/ecotaxa_user.3402/0502f8fea5a69e1832309381f9a442f21b5827c78361777d4a3b1b721d3cac2a/home/fanny/EcoTaxa/M181-265-1_CTD-069_00deg00S-035deg00W_20220516-0101_updated/deconv_crops.zip.
2025-05-26 10:57:48,717 - INFO - Starting project import...
2025-05-26 10:58:35,699 - ERROR - Error during upload: 212 error(s) during run
2025-05-26 10:58:35,699 - INFO - Uploaded deconv_crops.zip to project 17108.
2025-05-26 10:58:35,701 - INFO - Pushing 1 files...
2025-05-26 10:58:35,702 - INFO - Pushing /home/fanny/EcoTaxa/M181-265-1_CTD-069_00deg00S-035deg00W_20220516-0101_updated/crops.zip to 17109...
2025-05-26 10:58:35,885 - INFO - Uploading /home/fanny/EcoTaxa/M181-265-1_CTD-069_00deg00S-035deg00W_20220516-0101_updated/crops.zip via HTTP...
2025-05-26 10:59:04,488 - INFO - Remote filename is /tmp/ecotaxa_user.3402/9255b3d97140f3d8b29e0c0e4021b8d81b7fc45f0a978ebf5a517320850698fd/home/fanny/EcoTaxa/M181-265-1_CTD-069_00deg00S-035deg00W_20220516-0101_updated/crops.zip.
2025-05-26 10:59:04,788 - INFO - Starting project import...
2025-05-26 10:59:41,390 - ERROR - Error during upload: 212 error(s) during run
2025-05-26 10:59:41,390 - INFO - Uploaded crops.zip to project 17109.
2025-05-26 10:59:41,391 - INFO - Processing EcoTaxa folder: /home/fanny/EcoTaxa/M181-241-1_CTD-063_00deg00S-030deg00W_20220513-2051_updated
2025-05-26 10:59:41,391 - INFO - Pushing 1 files...
2025-05-26 10:59:41,392 - INFO - Pushing /home/fanny/EcoTaxa/M181-241-1_CTD-063_00deg00S-030deg00W_20220513-2051_updated/deconv_crops.zip to 17108...
2025-05-26 10:59:41,470 - INFO - Uploading /home/fanny/EcoTaxa/M181-241-1_CTD-063_00deg00S-030deg00W_20220513-2051_updated/deconv_crops.zip via HTTP...
2025-05-26 10:59:53,128 - INFO - Remote filename is /tmp/ecotaxa_user.3402/ce40a3255f7b1253f2230d9117c829093cdc39c6f33e7fe62897c16cdd41d293/home/fanny/EcoTaxa/M181-241-1_CTD-063_00deg00S-030deg00W_20220513-2051_updated/deconv_crops.zip.
2025-05-26 10:59:53,451 - INFO - Starting project import...
2025-05-26 11:00:09,340 - ERROR - Error during upload: 214 error(s) during run
2025-05-26 11:00:09,341 - INFO - Uploaded deconv_crops.zip to project 17108.
2025-05-26 11:00:09,341 - INFO - Pushing 1 files...
2025-05-26 11:00:09,342 - INFO - Pushing /home/fanny/EcoTaxa/M181-241-1_CTD-063_00deg00S-030deg00W_20220513-2051_updated/crops.zip to 17109...
2025-05-26 11:00:09,389 - INFO - Uploading /home/fanny/EcoTaxa/M181-241-1_CTD-063_00deg00S-030deg00W_20220513-2051_updated/crops.zip via HTTP...
2025-05-26 11:00:16,666 - INFO - Remote filename is /tmp/ecotaxa_user.3402/c8233e7442b7451e0ee1ef4c8ec6fd89097f2c012a417b39c5114a6cb27781b4/home/fanny/EcoTaxa/M181-241-1_CTD-063_00deg00S-030deg00W_20220513-2051_updated/crops.zip.
2025-05-26 11:00:17,016 - INFO - Starting project import...
2025-05-26 11:00:27,766 - ERROR - Error during upload: 214 error(s) during run
2025-05-26 11:00:27,766 - INFO - Uploaded crops.zip to project 17109.
2025-05-26 11:00:27,767 - INFO - Processing EcoTaxa folder: /home/fanny/EcoTaxa/M181-165-1_CTD-048_00deg00S-017deg00W_20220508-0903_updated
2025-05-26 11:00:27,767 - INFO - Pushing 1 files...
2025-05-26 11:00:27,768 - INFO - Pushing /home/fanny/EcoTaxa/M181-165-1_CTD-048_00deg00S-017deg00W_20220508-0903_updated/deconv_crops.zip to 17108...
2025-05-26 11:00:28,363 - INFO - Uploading /home/fanny/EcoTaxa/M181-165-1_CTD-048_00deg00S-017deg00W_20220508-0903_updated/deconv_crops.zip via HTTP...
2025-05-26 11:01:40,766 - INFO - Remote filename is /tmp/ecotaxa_user.3402/f81ceed51e172c0057084058ecbe50b9b3fa19dd8c0e4b0aa07f81d164079d91/home/fanny/EcoTaxa/M181-165-1_CTD-048_00deg00S-017deg00W_20220508-0903_updated/deconv_crops.zip.
2025-05-26 11:01:41,096 - INFO - Starting project import...
2025-05-26 11:02:59,027 - ERROR - Error during upload: 211 error(s) during run
2025-05-26 11:02:59,027 - INFO - Uploaded deconv_crops.zip to project 17108.
2025-05-26 11:02:59,027 - INFO - Pushing 1 files...
2025-05-26 11:02:59,028 - INFO - Pushing /home/fanny/EcoTaxa/M181-165-1_CTD-048_00deg00S-017deg00W_20220508-0903_updated/crops.zip to 17109...
2025-05-26 11:02:59,388 - INFO - Uploading /home/fanny/EcoTaxa/M181-165-1_CTD-048_00deg00S-017deg00W_20220508-0903_updated/crops.zip via HTTP...
2025-05-26 11:03:41,393 - INFO - Remote filename is /tmp/ecotaxa_user.3402/0aa70ecd630eb8e290846cb0a75fde9daf992b80d77d6c94ec2e8172d80a8f80/home/fanny/EcoTaxa/M181-165-1_CTD-048_00deg00S-017deg00W_20220508-0903_updated/crops.zip.
2025-05-26 11:03:41,762 - INFO - Starting project import...
2025-05-26 11:04:49,379 - ERROR - Error during upload: 211 error(s) during run
2025-05-26 11:04:49,379 - INFO - Uploaded crops.zip to project 17109.
2025-05-26 11:04:49,380 - INFO - Processing EcoTaxa folder: /home/fanny/EcoTaxa/M181-283-1_CTD-074_00deg00S-038deg50W_20220517-1445_updated
2025-05-26 11:04:49,380 - INFO - Pushing 1 files...
2025-05-26 11:04:49,381 - INFO - Pushing /home/fanny/EcoTaxa/M181-283-1_CTD-074_00deg00S-038deg50W_20220517-1445_updated/deconv_crops.zip to 17108...
2025-05-26 11:04:49,537 - INFO - Uploading /home/fanny/EcoTaxa/M181-283-1_CTD-074_00deg00S-038deg50W_20220517-1445_updated/deconv_crops.zip via HTTP...
2025-05-26 11:05:04,399 - INFO - Remote filename is /tmp/ecotaxa_user.3402/3f6548326d14b46cda0440668378e511b55e42939575301eb657decf100c1ef1/home/fanny/EcoTaxa/M181-283-1_CTD-074_00deg00S-038deg50W_20220517-1445_updated/deconv_crops.zip.
2025-05-26 11:05:04,811 - INFO - Starting project import...
2025-05-26 11:05:31,001 - ERROR - Error during upload: 215 error(s) during run
2025-05-26 11:05:31,001 - INFO - Uploaded deconv_crops.zip to project 17108.
2025-05-26 11:05:31,001 - INFO - Pushing 1 files...
2025-05-26 11:05:31,001 - INFO - Pushing /home/fanny/EcoTaxa/M181-283-1_CTD-074_00deg00S-038deg50W_20220517-1445_updated/crops.zip to 17109...
2025-05-26 11:05:31,097 - INFO - Uploading /home/fanny/EcoTaxa/M181-283-1_CTD-074_00deg00S-038deg50W_20220517-1445_updated/crops.zip via HTTP...
2025-05-26 11:05:42,827 - INFO - Remote filename is /tmp/ecotaxa_user.3402/017d060dcab3f2e739ccdd7a6579fc7888a89849dc4ef730d383788f301c32e2/home/fanny/EcoTaxa/M181-283-1_CTD-074_00deg00S-038deg50W_20220517-1445_updated/crops.zip.
2025-05-26 11:05:43,310 - INFO - Starting project import...
2025-05-26 11:06:04,334 - ERROR - Error during upload: 215 error(s) during run
2025-05-26 11:06:04,335 - INFO - Uploaded crops.zip to project 17109.
2025-05-26 11:06:04,335 - INFO - Processing EcoTaxa folder: /home/fanny/EcoTaxa/M181-134-1_CTD-042_00deg00S-012deg00W_20220506-1013_updated
2025-05-26 11:06:04,335 - INFO - Pushing 1 files...
2025-05-26 11:06:04,335 - INFO - Pushing /home/fanny/EcoTaxa/M181-134-1_CTD-042_00deg00S-012deg00W_20220506-1013_updated/deconv_crops.zip to 17108...
2025-05-26 11:06:04,657 - INFO - Uploading /home/fanny/EcoTaxa/M181-134-1_CTD-042_00deg00S-012deg00W_20220506-1013_updated/deconv_crops.zip via HTTP...
2025-05-26 11:06:43,352 - INFO - Remote filename is /tmp/ecotaxa_user.3402/3f4d017f72f4c5614bb8cc45a04e50883490587dd07c93c249974ea2f448cad3/home/fanny/EcoTaxa/M181-134-1_CTD-042_00deg00S-012deg00W_20220506-1013_updated/deconv_crops.zip.
2025-05-26 11:06:43,745 - INFO - Starting project import...
2025-05-26 11:07:35,813 - ERROR - Error during upload: 211 error(s) during run
2025-05-26 11:07:35,814 - INFO - Uploaded deconv_crops.zip to project 17108.
2025-05-26 11:07:35,814 - INFO - Pushing 1 files...
2025-05-26 11:07:35,815 - INFO - Pushing /home/fanny/EcoTaxa/M181-134-1_CTD-042_00deg00S-012deg00W_20220506-1013_updated/crops.zip to 17109...
2025-05-26 11:07:36,049 - INFO - Uploading /home/fanny/EcoTaxa/M181-134-1_CTD-042_00deg00S-012deg00W_20220506-1013_updated/crops.zip via HTTP...
2025-05-26 11:08:00,965 - INFO - Remote filename is /tmp/ecotaxa_user.3402/206f5e8b1318509f3d10b1f443ea5c6a8d44f1938dc963b5d3549dacf09dcf33/home/fanny/EcoTaxa/M181-134-1_CTD-042_00deg00S-012deg00W_20220506-1013_updated/crops.zip.
2025-05-26 11:08:01,380 - INFO - Starting project import...
